ERROR - 2024-06-23 17:58:08 --> mysqli_sql_exception: Unknown column 'id' in 'where clause' in C:\xampp\htdocs\KULIAH\webgisku\system\Database\MySQLi\Connection.php:306
Stack trace:
#0 C:\xampp\htdocs\KULIAH\webgisku\system\Database\MySQLi\Connection.php(306): mysqli->query('DELETE FROM `tb...', 0)
#1 C:\xampp\htdocs\KULIAH\webgisku\system\Database\BaseConnection.php(693): CodeIgniter\Database\MySQLi\Connection->execute('DELETE FROM `tb...')
#2 C:\xampp\htdocs\KULIAH\webgisku\system\Database\BaseConnection.php(607): CodeIgniter\Database\BaseConnection->simpleQuery('DELETE FROM `tb...')
#3 C:\xampp\htdocs\KULIAH\webgisku\system\Database\BaseBuilder.php(2787): CodeIgniter\Database\BaseConnection->query('DELETE FROM `tb...', Array, false)
#4 C:\xampp\htdocs\KULIAH\webgisku\system\Model.php(453): CodeIgniter\Database\BaseBuilder->delete()
#5 C:\xampp\htdocs\KULIAH\webgisku\system\BaseModel.php(1117): CodeIgniter\Model->doDelete(Array, false)
#6 C:\xampp\htdocs\KULIAH\webgisku\app\Controllers\Lokasi.php(141): CodeIgniter\BaseModel->delete(Array)
#7 C:\xampp\htdocs\KULIAH\webgisku\system\CodeIgniter.php(941): App\Controllers\Lokasi->deleteData('1')
#8 C:\xampp\htdocs\KULIAH\webgisku\system\CodeIgniter.php(502): CodeIgniter\CodeIgniter->runController(Object(App\Controllers\Lokasi))
#9 C:\xampp\htdocs\KULIAH\webgisku\system\CodeIgniter.php(361): CodeIgniter\CodeIgniter->handleRequest(NULL, Object(Config\Cache), false)
#10 C:\xampp\htdocs\KULIAH\webgisku\public\index.php(79): CodeIgniter\CodeIgniter->run()
#11 {main}
CRITICAL - 2024-06-23 17:58:08 --> CodeIgniter\Database\Exceptions\DatabaseException: Unknown column 'id' in 'where clause'
in SYSTEMPATH\Database\BaseConnection.php on line 647.
 1 SYSTEMPATH\Database\BaseBuilder.php(2787): CodeIgniter\Database\BaseConnection->query('DELETE FROM `tbl_lokasi`
WHERE `id` IN :id:', [...], false)
 2 SYSTEMPATH\Model.php(453): CodeIgniter\Database\BaseBuilder->delete()
 3 SYSTEMPATH\BaseModel.php(1117): CodeIgniter\Model->doDelete([...], false)
 4 APPPATH\Controllers\Lokasi.php(141): CodeIgniter\BaseModel->delete([...])
 5 SYSTEMPATH\CodeIgniter.php(941): App\Controllers\Lokasi->deleteData('1')
 6 SYSTEMPATH\CodeIgniter.php(502): CodeIgniter\CodeIgniter->runController(Object(App\Controllers\Lokasi))
 7 SYSTEMPATH\CodeIgniter.php(361): CodeIgniter\CodeIgniter->handleRequest(null, Object(Config\Cache), false)
 8 FCPATH\index.php(79): CodeIgniter\CodeIgniter->run()
CRITICAL - 2024-06-23 17:58:08 --> [Caused by] CodeIgniter\Database\Exceptions\DatabaseException: Unknown column 'id' in 'where clause'
in SYSTEMPATH\Database\MySQLi\Connection.php on line 311.
 1 SYSTEMPATH\Database\BaseConnection.php(693): CodeIgniter\Database\MySQLi\Connection->execute('DELETE FROM `tbl_lokasi`
WHERE `id` IN (\'1\')')
 2 SYSTEMPATH\Database\BaseConnection.php(607): CodeIgniter\Database\BaseConnection->simpleQuery('DELETE FROM `tbl_lokasi`
WHERE `id` IN (\'1\')')
 3 SYSTEMPATH\Database\BaseBuilder.php(2787): CodeIgniter\Database\BaseConnection->query('DELETE FROM `tbl_lokasi`
WHERE `id` IN :id:', [...], false)
 4 SYSTEMPATH\Model.php(453): CodeIgniter\Database\BaseBuilder->delete()
 5 SYSTEMPATH\BaseModel.php(1117): CodeIgniter\Model->doDelete([...], false)
 6 APPPATH\Controllers\Lokasi.php(141): CodeIgniter\BaseModel->delete([...])
 7 SYSTEMPATH\CodeIgniter.php(941): App\Controllers\Lokasi->deleteData('1')
 8 SYSTEMPATH\CodeIgniter.php(502): CodeIgniter\CodeIgniter->runController(Object(App\Controllers\Lokasi))
 9 SYSTEMPATH\CodeIgniter.php(361): CodeIgniter\CodeIgniter->handleRequest(null, Object(Config\Cache), false)
10 FCPATH\index.php(79): CodeIgniter\CodeIgniter->run()
CRITICAL - 2024-06-23 17:58:08 --> [Caused by] mysqli_sql_exception: Unknown column 'id' in 'where clause'
in SYSTEMPATH\Database\MySQLi\Connection.php on line 306.
 1 SYSTEMPATH\Database\MySQLi\Connection.php(306): mysqli->query('DELETE FROM `tbl_lokasi`
WHERE `id` IN (\'1\')', 0)
 2 SYSTEMPATH\Database\BaseConnection.php(693): CodeIgniter\Database\MySQLi\Connection->execute('DELETE FROM `tbl_lokasi`
WHERE `id` IN (\'1\')')
 3 SYSTEMPATH\Database\BaseConnection.php(607): CodeIgniter\Database\BaseConnection->simpleQuery('DELETE FROM `tbl_lokasi`
WHERE `id` IN (\'1\')')
 4 SYSTEMPATH\Database\BaseBuilder.php(2787): CodeIgniter\Database\BaseConnection->query('DELETE FROM `tbl_lokasi`
WHERE `id` IN :id:', [...], false)
 5 SYSTEMPATH\Model.php(453): CodeIgniter\Database\BaseBuilder->delete()
 6 SYSTEMPATH\BaseModel.php(1117): CodeIgniter\Model->doDelete([...], false)
 7 APPPATH\Controllers\Lokasi.php(141): CodeIgniter\BaseModel->delete([...])
 8 SYSTEMPATH\CodeIgniter.php(941): App\Controllers\Lokasi->deleteData('1')
 9 SYSTEMPATH\CodeIgniter.php(502): CodeIgniter\CodeIgniter->runController(Object(App\Controllers\Lokasi))
10 SYSTEMPATH\CodeIgniter.php(361): CodeIgniter\CodeIgniter->handleRequest(null, Object(Config\Cache), false)
11 FCPATH\index.php(79): CodeIgniter\CodeIgniter->run()
INFO - 2024-06-23 17:58:21 --> Session: Class initialized using 'CodeIgniter\Session\Handlers\FileHandler' driver.
INFO - 2024-06-23 17:58:21 --> Session: Class initialized using 'CodeIgniter\Session\Handlers\FileHandler' driver.
CRITICAL - 2024-06-23 17:58:21 --> ErrorException: Trying to access array offset on value of type null
in APPPATH\Views\lokasi\v_edit_lokasi.php on line 19.
 1 APPPATH\Views\lokasi\v_edit_lokasi.php(19): CodeIgniter\Debug\Exceptions->errorHandler(2, 'Trying to access array offset on value of type null', 'C:\\xampp\\htdocs\\KULIAH\\webgisku\\app\\Views\\lokasi\\v_edit_lokasi.php', 19)
 2 SYSTEMPATH\View\View.php(228): include('C:\\xampp\\htdocs\\KULIAH\\webgisku\\app\\Views\\lokasi\\v_edit_lokasi.php')
 3 SYSTEMPATH\View\View.php(231): CodeIgniter\View\View->CodeIgniter\View\{closure}()
 4 SYSTEMPATH\Common.php(1178): CodeIgniter\View\View->render('lokasi/v_edit_lokasi', [], true)
 5 APPPATH\Views\v_template.php(143): view('lokasi/v_edit_lokasi')
 6 SYSTEMPATH\View\View.php(228): include('C:\\xampp\\htdocs\\KULIAH\\webgisku\\app\\Views\\v_template.php')
 7 SYSTEMPATH\View\View.php(231): CodeIgniter\View\View->CodeIgniter\View\{closure}()
 8 SYSTEMPATH\Common.php(1178): CodeIgniter\View\View->render('v_template', [], true)
 9 APPPATH\Controllers\Lokasi.php(80): view('v_template', [...])
10 SYSTEMPATH\CodeIgniter.php(941): App\Controllers\Lokasi->editLokasi('assets5', 'plugins', 'tempusdominus-bootstrap-4', 'css', 'tempusdominus-bootstrap-4.min.css')
11 SYSTEMPATH\CodeIgniter.php(502): CodeIgniter\CodeIgniter->runController(Object(App\Controllers\Lokasi))
12 SYSTEMPATH\CodeIgniter.php(361): CodeIgniter\CodeIgniter->handleRequest(null, Object(Config\Cache), false)
13 FCPATH\index.php(79): CodeIgniter\CodeIgniter->run()
INFO - 2024-06-23 17:58:21 --> Session: Class initialized using 'CodeIgniter\Session\Handlers\FileHandler' driver.
CRITICAL - 2024-06-23 17:58:21 --> ErrorException: Trying to access array offset on value of type null
in APPPATH\Views\lokasi\v_edit_lokasi.php on line 19.
 1 APPPATH\Views\lokasi\v_edit_lokasi.php(19): CodeIgniter\Debug\Exceptions->errorHandler(2, 'Trying to access array offset on value of type null', 'C:\\xampp\\htdocs\\KULIAH\\webgisku\\app\\Views\\lokasi\\v_edit_lokasi.php', 19)
 2 SYSTEMPATH\View\View.php(228): include('C:\\xampp\\htdocs\\KULIAH\\webgisku\\app\\Views\\lokasi\\v_edit_lokasi.php')
 3 SYSTEMPATH\View\View.php(231): CodeIgniter\View\View->CodeIgniter\View\{closure}()
 4 SYSTEMPATH\Common.php(1178): CodeIgniter\View\View->render('lokasi/v_edit_lokasi', [], true)
 5 APPPATH\Views\v_template.php(143): view('lokasi/v_edit_lokasi')
 6 SYSTEMPATH\View\View.php(228): include('C:\\xampp\\htdocs\\KULIAH\\webgisku\\app\\Views\\v_template.php')
 7 SYSTEMPATH\View\View.php(231): CodeIgniter\View\View->CodeIgniter\View\{closure}()
 8 SYSTEMPATH\Common.php(1178): CodeIgniter\View\View->render('v_template', [], true)
 9 APPPATH\Controllers\Lokasi.php(80): view('v_template', [...])
10 SYSTEMPATH\CodeIgniter.php(941): App\Controllers\Lokasi->editLokasi('assets5', 'dist', 'css', 'adminlte.min.css')
11 SYSTEMPATH\CodeIgniter.php(502): CodeIgniter\CodeIgniter->runController(Object(App\Controllers\Lokasi))
12 SYSTEMPATH\CodeIgniter.php(361): CodeIgniter\CodeIgniter->handleRequest(null, Object(Config\Cache), false)
13 FCPATH\index.php(79): CodeIgniter\CodeIgniter->run()
INFO - 2024-06-23 17:58:21 --> Session: Class initialized using 'CodeIgniter\Session\Handlers\FileHandler' driver.
CRITICAL - 2024-06-23 17:58:21 --> ErrorException: Trying to access array offset on value of type null
in APPPATH\Views\lokasi\v_edit_lokasi.php on line 19.
 1 APPPATH\Views\lokasi\v_edit_lokasi.php(19): CodeIgniter\Debug\Exceptions->errorHandler(2, 'Trying to access array offset on value of type null', 'C:\\xampp\\htdocs\\KULIAH\\webgisku\\app\\Views\\lokasi\\v_edit_lokasi.php', 19)
 2 SYSTEMPATH\View\View.php(228): include('C:\\xampp\\htdocs\\KULIAH\\webgisku\\app\\Views\\lokasi\\v_edit_lokasi.php')
 3 SYSTEMPATH\View\View.php(231): CodeIgniter\View\View->CodeIgniter\View\{closure}()
 4 SYSTEMPATH\Common.php(1178): CodeIgniter\View\View->render('lokasi/v_edit_lokasi', [], true)
 5 APPPATH\Views\v_template.php(143): view('lokasi/v_edit_lokasi')
 6 SYSTEMPATH\View\View.php(228): include('C:\\xampp\\htdocs\\KULIAH\\webgisku\\app\\Views\\v_template.php')
 7 SYSTEMPATH\View\View.php(231): CodeIgniter\View\View->CodeIgniter\View\{closure}()
 8 SYSTEMPATH\Common.php(1178): CodeIgniter\View\View->render('v_template', [], true)
 9 APPPATH\Controllers\Lokasi.php(80): view('v_template', [...])
10 SYSTEMPATH\CodeIgniter.php(941): App\Controllers\Lokasi->editLokasi('assets5', 'plugins', 'fontawesome-free', 'css', 'all.min.css')
11 SYSTEMPATH\CodeIgniter.php(502): CodeIgniter\CodeIgniter->runController(Object(App\Controllers\Lokasi))
12 SYSTEMPATH\CodeIgniter.php(361): CodeIgniter\CodeIgniter->handleRequest(null, Object(Config\Cache), false)
13 FCPATH\index.php(79): CodeIgniter\CodeIgniter->run()
INFO - 2024-06-23 17:58:21 --> Session: Class initialized using 'CodeIgniter\Session\Handlers\FileHandler' driver.
CRITICAL - 2024-06-23 17:58:21 --> ErrorException: Trying to access array offset on value of type null
in APPPATH\Views\lokasi\v_edit_lokasi.php on line 19.
 1 APPPATH\Views\lokasi\v_edit_lokasi.php(19): CodeIgniter\Debug\Exceptions->errorHandler(2, 'Trying to access array offset on value of type null', 'C:\\xampp\\htdocs\\KULIAH\\webgisku\\app\\Views\\lokasi\\v_edit_lokasi.php', 19)
 2 SYSTEMPATH\View\View.php(228): include('C:\\xampp\\htdocs\\KULIAH\\webgisku\\app\\Views\\lokasi\\v_edit_lokasi.php')
 3 SYSTEMPATH\View\View.php(231): CodeIgniter\View\View->CodeIgniter\View\{closure}()
 4 SYSTEMPATH\Common.php(1178): CodeIgniter\View\View->render('lokasi/v_edit_lokasi', [], true)
 5 APPPATH\Views\v_template.php(143): view('lokasi/v_edit_lokasi')
 6 SYSTEMPATH\View\View.php(228): include('C:\\xampp\\htdocs\\KULIAH\\webgisku\\app\\Views\\v_template.php')
 7 SYSTEMPATH\View\View.php(231): CodeIgniter\View\View->CodeIgniter\View\{closure}()
 8 SYSTEMPATH\Common.php(1178): CodeIgniter\View\View->render('v_template', [], true)
 9 APPPATH\Controllers\Lokasi.php(80): view('v_template', [...])
10 SYSTEMPATH\CodeIgniter.php(941): App\Controllers\Lokasi->editLokasi('assets5', 'plugins', 'icheck-bootstrap', 'icheck-bootstrap.min.css')
11 SYSTEMPATH\CodeIgniter.php(502): CodeIgniter\CodeIgniter->runController(Object(App\Controllers\Lokasi))
12 SYSTEMPATH\CodeIgniter.php(361): CodeIgniter\CodeIgniter->handleRequest(null, Object(Config\Cache), false)
13 FCPATH\index.php(79): CodeIgniter\CodeIgniter->run()
INFO - 2024-06-23 17:58:21 --> Session: Class initialized using 'CodeIgniter\Session\Handlers\FileHandler' driver.
CRITICAL - 2024-06-23 17:58:21 --> ErrorException: Trying to access array offset on value of type null
in APPPATH\Views\lokasi\v_edit_lokasi.php on line 19.
 1 APPPATH\Views\lokasi\v_edit_lokasi.php(19): CodeIgniter\Debug\Exceptions->errorHandler(2, 'Trying to access array offset on value of type null', 'C:\\xampp\\htdocs\\KULIAH\\webgisku\\app\\Views\\lokasi\\v_edit_lokasi.php', 19)
 2 SYSTEMPATH\View\View.php(228): include('C:\\xampp\\htdocs\\KULIAH\\webgisku\\app\\Views\\lokasi\\v_edit_lokasi.php')
 3 SYSTEMPATH\View\View.php(231): CodeIgniter\View\View->CodeIgniter\View\{closure}()
 4 SYSTEMPATH\Common.php(1178): CodeIgniter\View\View->render('lokasi/v_edit_lokasi', [], true)
 5 APPPATH\Views\v_template.php(143): view('lokasi/v_edit_lokasi')
 6 SYSTEMPATH\View\View.php(228): include('C:\\xampp\\htdocs\\KULIAH\\webgisku\\app\\Views\\v_template.php')
 7 SYSTEMPATH\View\View.php(231): CodeIgniter\View\View->CodeIgniter\View\{closure}()
 8 SYSTEMPATH\Common.php(1178): CodeIgniter\View\View->render('v_template', [], true)
 9 APPPATH\Controllers\Lokasi.php(80): view('v_template', [...])
10 SYSTEMPATH\CodeIgniter.php(941): App\Controllers\Lokasi->editLokasi('assets5', 'plugins', 'jqvmap', 'jqvmap.min.css')
11 SYSTEMPATH\CodeIgniter.php(502): CodeIgniter\CodeIgniter->runController(Object(App\Controllers\Lokasi))
12 SYSTEMPATH\CodeIgniter.php(361): CodeIgniter\CodeIgniter->handleRequest(null, Object(Config\Cache), false)
13 FCPATH\index.php(79): CodeIgniter\CodeIgniter->run()
INFO - 2024-06-23 17:58:21 --> Session: Class initialized using 'CodeIgniter\Session\Handlers\FileHandler' driver.
CRITICAL - 2024-06-23 17:58:21 --> ErrorException: Trying to access array offset on value of type null
in APPPATH\Views\lokasi\v_edit_lokasi.php on line 19.
 1 APPPATH\Views\lokasi\v_edit_lokasi.php(19): CodeIgniter\Debug\Exceptions->errorHandler(2, 'Trying to access array offset on value of type null', 'C:\\xampp\\htdocs\\KULIAH\\webgisku\\app\\Views\\lokasi\\v_edit_lokasi.php', 19)
 2 SYSTEMPATH\View\View.php(228): include('C:\\xampp\\htdocs\\KULIAH\\webgisku\\app\\Views\\lokasi\\v_edit_lokasi.php')
 3 SYSTEMPATH\View\View.php(231): CodeIgniter\View\View->CodeIgniter\View\{closure}()
 4 SYSTEMPATH\Common.php(1178): CodeIgniter\View\View->render('lokasi/v_edit_lokasi', [], true)
 5 APPPATH\Views\v_template.php(143): view('lokasi/v_edit_lokasi')
 6 SYSTEMPATH\View\View.php(228): include('C:\\xampp\\htdocs\\KULIAH\\webgisku\\app\\Views\\v_template.php')
 7 SYSTEMPATH\View\View.php(231): CodeIgniter\View\View->CodeIgniter\View\{closure}()
 8 SYSTEMPATH\Common.php(1178): CodeIgniter\View\View->render('v_template', [], true)
 9 APPPATH\Controllers\Lokasi.php(80): view('v_template', [...])
10 SYSTEMPATH\CodeIgniter.php(941): App\Controllers\Lokasi->editLokasi('assets5', 'plugins', 'overlayScrollbars', 'css', 'OverlayScrollbars.min.css')
11 SYSTEMPATH\CodeIgniter.php(502): CodeIgniter\CodeIgniter->runController(Object(App\Controllers\Lokasi))
12 SYSTEMPATH\CodeIgniter.php(361): CodeIgniter\CodeIgniter->handleRequest(null, Object(Config\Cache), false)
13 FCPATH\index.php(79): CodeIgniter\CodeIgniter->run()
INFO - 2024-06-23 17:58:21 --> Session: Class initialized using 'CodeIgniter\Session\Handlers\FileHandler' driver.
CRITICAL - 2024-06-23 17:58:21 --> ErrorException: Trying to access array offset on value of type null
in APPPATH\Views\lokasi\v_edit_lokasi.php on line 19.
 1 APPPATH\Views\lokasi\v_edit_lokasi.php(19): CodeIgniter\Debug\Exceptions->errorHandler(2, 'Trying to access array offset on value of type null', 'C:\\xampp\\htdocs\\KULIAH\\webgisku\\app\\Views\\lokasi\\v_edit_lokasi.php', 19)
 2 SYSTEMPATH\View\View.php(228): include('C:\\xampp\\htdocs\\KULIAH\\webgisku\\app\\Views\\lokasi\\v_edit_lokasi.php')
 3 SYSTEMPATH\View\View.php(231): CodeIgniter\View\View->CodeIgniter\View\{closure}()
 4 SYSTEMPATH\Common.php(1178): CodeIgniter\View\View->render('lokasi/v_edit_lokasi', [], true)
 5 APPPATH\Views\v_template.php(143): view('lokasi/v_edit_lokasi')
 6 SYSTEMPATH\View\View.php(228): include('C:\\xampp\\htdocs\\KULIAH\\webgisku\\app\\Views\\v_template.php')
 7 SYSTEMPATH\View\View.php(231): CodeIgniter\View\View->CodeIgniter\View\{closure}()
 8 SYSTEMPATH\Common.php(1178): CodeIgniter\View\View->render('v_template', [], true)
 9 APPPATH\Controllers\Lokasi.php(80): view('v_template', [...])
10 SYSTEMPATH\CodeIgniter.php(941): App\Controllers\Lokasi->editLokasi('assets5', 'plugins', 'daterangepicker', 'daterangepicker.css')
11 SYSTEMPATH\CodeIgniter.php(502): CodeIgniter\CodeIgniter->runController(Object(App\Controllers\Lokasi))
12 SYSTEMPATH\CodeIgniter.php(361): CodeIgniter\CodeIgniter->handleRequest(null, Object(Config\Cache), false)
13 FCPATH\index.php(79): CodeIgniter\CodeIgniter->run()
INFO - 2024-06-23 17:58:21 --> Session: Class initialized using 'CodeIgniter\Session\Handlers\FileHandler' driver.
CRITICAL - 2024-06-23 17:58:21 --> ErrorException: Trying to access array offset on value of type null
in APPPATH\Views\lokasi\v_edit_lokasi.php on line 19.
 1 APPPATH\Views\lokasi\v_edit_lokasi.php(19): CodeIgniter\Debug\Exceptions->errorHandler(2, 'Trying to access array offset on value of type null', 'C:\\xampp\\htdocs\\KULIAH\\webgisku\\app\\Views\\lokasi\\v_edit_lokasi.php', 19)
 2 SYSTEMPATH\View\View.php(228): include('C:\\xampp\\htdocs\\KULIAH\\webgisku\\app\\Views\\lokasi\\v_edit_lokasi.php')
 3 SYSTEMPATH\View\View.php(231): CodeIgniter\View\View->CodeIgniter\View\{closure}()
 4 SYSTEMPATH\Common.php(1178): CodeIgniter\View\View->render('lokasi/v_edit_lokasi', [], true)
 5 APPPATH\Views\v_template.php(143): view('lokasi/v_edit_lokasi')
 6 SYSTEMPATH\View\View.php(228): include('C:\\xampp\\htdocs\\KULIAH\\webgisku\\app\\Views\\v_template.php')
 7 SYSTEMPATH\View\View.php(231): CodeIgniter\View\View->CodeIgniter\View\{closure}()
 8 SYSTEMPATH\Common.php(1178): CodeIgniter\View\View->render('v_template', [], true)
 9 APPPATH\Controllers\Lokasi.php(80): view('v_template', [...])
10 SYSTEMPATH\CodeIgniter.php(941): App\Controllers\Lokasi->editLokasi('assets5', 'plugins', 'summernote', 'summernote-bs4.min.css')
11 SYSTEMPATH\CodeIgniter.php(502): CodeIgniter\CodeIgniter->runController(Object(App\Controllers\Lokasi))
12 SYSTEMPATH\CodeIgniter.php(361): CodeIgniter\CodeIgniter->handleRequest(null, Object(Config\Cache), false)
13 FCPATH\index.php(79): CodeIgniter\CodeIgniter->run()
INFO - 2024-06-23 17:58:22 --> Session: Class initialized using 'CodeIgniter\Session\Handlers\FileHandler' driver.
CRITICAL - 2024-06-23 17:58:22 --> ErrorException: Trying to access array offset on value of type null
in APPPATH\Views\lokasi\v_edit_lokasi.php on line 19.
 1 APPPATH\Views\lokasi\v_edit_lokasi.php(19): CodeIgniter\Debug\Exceptions->errorHandler(2, 'Trying to access array offset on value of type null', 'C:\\xampp\\htdocs\\KULIAH\\webgisku\\app\\Views\\lokasi\\v_edit_lokasi.php', 19)
 2 SYSTEMPATH\View\View.php(228): include('C:\\xampp\\htdocs\\KULIAH\\webgisku\\app\\Views\\lokasi\\v_edit_lokasi.php')
 3 SYSTEMPATH\View\View.php(231): CodeIgniter\View\View->CodeIgniter\View\{closure}()
 4 SYSTEMPATH\Common.php(1178): CodeIgniter\View\View->render('lokasi/v_edit_lokasi', [], true)
 5 APPPATH\Views\v_template.php(143): view('lokasi/v_edit_lokasi')
 6 SYSTEMPATH\View\View.php(228): include('C:\\xampp\\htdocs\\KULIAH\\webgisku\\app\\Views\\v_template.php')
 7 SYSTEMPATH\View\View.php(231): CodeIgniter\View\View->CodeIgniter\View\{closure}()
 8 SYSTEMPATH\Common.php(1178): CodeIgniter\View\View->render('v_template', [], true)
 9 APPPATH\Controllers\Lokasi.php(80): view('v_template', [...])
10 SYSTEMPATH\CodeIgniter.php(941): App\Controllers\Lokasi->editLokasi('assets5', 'plugins', 'jquery', 'jquery.min.js')
11 SYSTEMPATH\CodeIgniter.php(502): CodeIgniter\CodeIgniter->runController(Object(App\Controllers\Lokasi))
12 SYSTEMPATH\CodeIgniter.php(361): CodeIgniter\CodeIgniter->handleRequest(null, Object(Config\Cache), false)
13 FCPATH\index.php(79): CodeIgniter\CodeIgniter->run()
INFO - 2024-06-23 17:58:22 --> Session: Class initialized using 'CodeIgniter\Session\Handlers\FileHandler' driver.
CRITICAL - 2024-06-23 17:58:22 --> ErrorException: Trying to access array offset on value of type null
in APPPATH\Views\lokasi\v_edit_lokasi.php on line 19.
 1 APPPATH\Views\lokasi\v_edit_lokasi.php(19): CodeIgniter\Debug\Exceptions->errorHandler(2, 'Trying to access array offset on value of type null', 'C:\\xampp\\htdocs\\KULIAH\\webgisku\\app\\Views\\lokasi\\v_edit_lokasi.php', 19)
 2 SYSTEMPATH\View\View.php(228): include('C:\\xampp\\htdocs\\KULIAH\\webgisku\\app\\Views\\lokasi\\v_edit_lokasi.php')
 3 SYSTEMPATH\View\View.php(231): CodeIgniter\View\View->CodeIgniter\View\{closure}()
 4 SYSTEMPATH\Common.php(1178): CodeIgniter\View\View->render('lokasi/v_edit_lokasi', [], true)
 5 APPPATH\Views\v_template.php(143): view('lokasi/v_edit_lokasi')
 6 SYSTEMPATH\View\View.php(228): include('C:\\xampp\\htdocs\\KULIAH\\webgisku\\app\\Views\\v_template.php')
 7 SYSTEMPATH\View\View.php(231): CodeIgniter\View\View->CodeIgniter\View\{closure}()
 8 SYSTEMPATH\Common.php(1178): CodeIgniter\View\View->render('v_template', [], true)
 9 APPPATH\Controllers\Lokasi.php(80): view('v_template', [...])
10 SYSTEMPATH\CodeIgniter.php(941): App\Controllers\Lokasi->editLokasi('assets5', 'plugins', 'jquery-ui', 'jquery-ui.min.js')
11 SYSTEMPATH\CodeIgniter.php(502): CodeIgniter\CodeIgniter->runController(Object(App\Controllers\Lokasi))
12 SYSTEMPATH\CodeIgniter.php(361): CodeIgniter\CodeIgniter->handleRequest(null, Object(Config\Cache), false)
13 FCPATH\index.php(79): CodeIgniter\CodeIgniter->run()
INFO - 2024-06-23 17:58:22 --> Session: Class initialized using 'CodeIgniter\Session\Handlers\FileHandler' driver.
CRITICAL - 2024-06-23 17:58:22 --> ErrorException: Trying to access array offset on value of type null
in APPPATH\Views\lokasi\v_edit_lokasi.php on line 19.
 1 APPPATH\Views\lokasi\v_edit_lokasi.php(19): CodeIgniter\Debug\Exceptions->errorHandler(2, 'Trying to access array offset on value of type null', 'C:\\xampp\\htdocs\\KULIAH\\webgisku\\app\\Views\\lokasi\\v_edit_lokasi.php', 19)
 2 SYSTEMPATH\View\View.php(228): include('C:\\xampp\\htdocs\\KULIAH\\webgisku\\app\\Views\\lokasi\\v_edit_lokasi.php')
 3 SYSTEMPATH\View\View.php(231): CodeIgniter\View\View->CodeIgniter\View\{closure}()
 4 SYSTEMPATH\Common.php(1178): CodeIgniter\View\View->render('lokasi/v_edit_lokasi', [], true)
 5 APPPATH\Views\v_template.php(143): view('lokasi/v_edit_lokasi')
 6 SYSTEMPATH\View\View.php(228): include('C:\\xampp\\htdocs\\KULIAH\\webgisku\\app\\Views\\v_template.php')
 7 SYSTEMPATH\View\View.php(231): CodeIgniter\View\View->CodeIgniter\View\{closure}()
 8 SYSTEMPATH\Common.php(1178): CodeIgniter\View\View->render('v_template', [], true)
 9 APPPATH\Controllers\Lokasi.php(80): view('v_template', [...])
10 SYSTEMPATH\CodeIgniter.php(941): App\Controllers\Lokasi->editLokasi('assets5', 'plugins', 'bootstrap', 'js', 'bootstrap.bundle.min.js')
11 SYSTEMPATH\CodeIgniter.php(502): CodeIgniter\CodeIgniter->runController(Object(App\Controllers\Lokasi))
12 SYSTEMPATH\CodeIgniter.php(361): CodeIgniter\CodeIgniter->handleRequest(null, Object(Config\Cache), false)
13 FCPATH\index.php(79): CodeIgniter\CodeIgniter->run()
INFO - 2024-06-23 17:58:22 --> Session: Class initialized using 'CodeIgniter\Session\Handlers\FileHandler' driver.
CRITICAL - 2024-06-23 17:58:22 --> ErrorException: Trying to access array offset on value of type null
in APPPATH\Views\lokasi\v_edit_lokasi.php on line 19.
 1 APPPATH\Views\lokasi\v_edit_lokasi.php(19): CodeIgniter\Debug\Exceptions->errorHandler(2, 'Trying to access array offset on value of type null', 'C:\\xampp\\htdocs\\KULIAH\\webgisku\\app\\Views\\lokasi\\v_edit_lokasi.php', 19)
 2 SYSTEMPATH\View\View.php(228): include('C:\\xampp\\htdocs\\KULIAH\\webgisku\\app\\Views\\lokasi\\v_edit_lokasi.php')
 3 SYSTEMPATH\View\View.php(231): CodeIgniter\View\View->CodeIgniter\View\{closure}()
 4 SYSTEMPATH\Common.php(1178): CodeIgniter\View\View->render('lokasi/v_edit_lokasi', [], true)
 5 APPPATH\Views\v_template.php(143): view('lokasi/v_edit_lokasi')
 6 SYSTEMPATH\View\View.php(228): include('C:\\xampp\\htdocs\\KULIAH\\webgisku\\app\\Views\\v_template.php')
 7 SYSTEMPATH\View\View.php(231): CodeIgniter\View\View->CodeIgniter\View\{closure}()
 8 SYSTEMPATH\Common.php(1178): CodeIgniter\View\View->render('v_template', [], true)
 9 APPPATH\Controllers\Lokasi.php(80): view('v_template', [...])
10 SYSTEMPATH\CodeIgniter.php(941): App\Controllers\Lokasi->editLokasi('assets5', 'plugins', 'jqvmap', 'maps', 'jquery.vmap.usa.js')
11 SYSTEMPATH\CodeIgniter.php(502): CodeIgniter\CodeIgniter->runController(Object(App\Controllers\Lokasi))
12 SYSTEMPATH\CodeIgniter.php(361): CodeIgniter\CodeIgniter->handleRequest(null, Object(Config\Cache), false)
13 FCPATH\index.php(79): CodeIgniter\CodeIgniter->run()
INFO - 2024-06-23 17:58:22 --> Session: Class initialized using 'CodeIgniter\Session\Handlers\FileHandler' driver.
CRITICAL - 2024-06-23 17:58:22 --> ErrorException: Trying to access array offset on value of type null
in APPPATH\Views\lokasi\v_edit_lokasi.php on line 19.
 1 APPPATH\Views\lokasi\v_edit_lokasi.php(19): CodeIgniter\Debug\Exceptions->errorHandler(2, 'Trying to access array offset on value of type null', 'C:\\xampp\\htdocs\\KULIAH\\webgisku\\app\\Views\\lokasi\\v_edit_lokasi.php', 19)
 2 SYSTEMPATH\View\View.php(228): include('C:\\xampp\\htdocs\\KULIAH\\webgisku\\app\\Views\\lokasi\\v_edit_lokasi.php')
 3 SYSTEMPATH\View\View.php(231): CodeIgniter\View\View->CodeIgniter\View\{closure}()
 4 SYSTEMPATH\Common.php(1178): CodeIgniter\View\View->render('lokasi/v_edit_lokasi', [], true)
 5 APPPATH\Views\v_template.php(143): view('lokasi/v_edit_lokasi')
 6 SYSTEMPATH\View\View.php(228): include('C:\\xampp\\htdocs\\KULIAH\\webgisku\\app\\Views\\v_template.php')
 7 SYSTEMPATH\View\View.php(231): CodeIgniter\View\View->CodeIgniter\View\{closure}()
 8 SYSTEMPATH\Common.php(1178): CodeIgniter\View\View->render('v_template', [], true)
 9 APPPATH\Controllers\Lokasi.php(80): view('v_template', [...])
10 SYSTEMPATH\CodeIgniter.php(941): App\Controllers\Lokasi->editLokasi('assets5', 'plugins', 'chart.js', 'Chart.min.js')
11 SYSTEMPATH\CodeIgniter.php(502): CodeIgniter\CodeIgniter->runController(Object(App\Controllers\Lokasi))
12 SYSTEMPATH\CodeIgniter.php(361): CodeIgniter\CodeIgniter->handleRequest(null, Object(Config\Cache), false)
13 FCPATH\index.php(79): CodeIgniter\CodeIgniter->run()
INFO - 2024-06-23 17:58:22 --> Session: Class initialized using 'CodeIgniter\Session\Handlers\FileHandler' driver.
CRITICAL - 2024-06-23 17:58:22 --> ErrorException: Trying to access array offset on value of type null
in APPPATH\Views\lokasi\v_edit_lokasi.php on line 19.
 1 APPPATH\Views\lokasi\v_edit_lokasi.php(19): CodeIgniter\Debug\Exceptions->errorHandler(2, 'Trying to access array offset on value of type null', 'C:\\xampp\\htdocs\\KULIAH\\webgisku\\app\\Views\\lokasi\\v_edit_lokasi.php', 19)
 2 SYSTEMPATH\View\View.php(228): include('C:\\xampp\\htdocs\\KULIAH\\webgisku\\app\\Views\\lokasi\\v_edit_lokasi.php')
 3 SYSTEMPATH\View\View.php(231): CodeIgniter\View\View->CodeIgniter\View\{closure}()
 4 SYSTEMPATH\Common.php(1178): CodeIgniter\View\View->render('lokasi/v_edit_lokasi', [], true)
 5 APPPATH\Views\v_template.php(143): view('lokasi/v_edit_lokasi')
 6 SYSTEMPATH\View\View.php(228): include('C:\\xampp\\htdocs\\KULIAH\\webgisku\\app\\Views\\v_template.php')
 7 SYSTEMPATH\View\View.php(231): CodeIgniter\View\View->CodeIgniter\View\{closure}()
 8 SYSTEMPATH\Common.php(1178): CodeIgniter\View\View->render('v_template', [], true)
 9 APPPATH\Controllers\Lokasi.php(80): view('v_template', [...])
10 SYSTEMPATH\CodeIgniter.php(941): App\Controllers\Lokasi->editLokasi('assets5', 'plugins', 'sparklines', 'sparkline.js')
11 SYSTEMPATH\CodeIgniter.php(502): CodeIgniter\CodeIgniter->runController(Object(App\Controllers\Lokasi))
12 SYSTEMPATH\CodeIgniter.php(361): CodeIgniter\CodeIgniter->handleRequest(null, Object(Config\Cache), false)
13 FCPATH\index.php(79): CodeIgniter\CodeIgniter->run()
INFO - 2024-06-23 17:58:22 --> Session: Class initialized using 'CodeIgniter\Session\Handlers\FileHandler' driver.
CRITICAL - 2024-06-23 17:58:22 --> ErrorException: Trying to access array offset on value of type null
in APPPATH\Views\lokasi\v_edit_lokasi.php on line 19.
 1 APPPATH\Views\lokasi\v_edit_lokasi.php(19): CodeIgniter\Debug\Exceptions->errorHandler(2, 'Trying to access array offset on value of type null', 'C:\\xampp\\htdocs\\KULIAH\\webgisku\\app\\Views\\lokasi\\v_edit_lokasi.php', 19)
 2 SYSTEMPATH\View\View.php(228): include('C:\\xampp\\htdocs\\KULIAH\\webgisku\\app\\Views\\lokasi\\v_edit_lokasi.php')
 3 SYSTEMPATH\View\View.php(231): CodeIgniter\View\View->CodeIgniter\View\{closure}()
 4 SYSTEMPATH\Common.php(1178): CodeIgniter\View\View->render('lokasi/v_edit_lokasi', [], true)
 5 APPPATH\Views\v_template.php(143): view('lokasi/v_edit_lokasi')
 6 SYSTEMPATH\View\View.php(228): include('C:\\xampp\\htdocs\\KULIAH\\webgisku\\app\\Views\\v_template.php')
 7 SYSTEMPATH\View\View.php(231): CodeIgniter\View\View->CodeIgniter\View\{closure}()
 8 SYSTEMPATH\Common.php(1178): CodeIgniter\View\View->render('v_template', [], true)
 9 APPPATH\Controllers\Lokasi.php(80): view('v_template', [...])
10 SYSTEMPATH\CodeIgniter.php(941): App\Controllers\Lokasi->editLokasi('assets5', 'plugins', 'jqvmap', 'jquery.vmap.min.js')
11 SYSTEMPATH\CodeIgniter.php(502): CodeIgniter\CodeIgniter->runController(Object(App\Controllers\Lokasi))
12 SYSTEMPATH\CodeIgniter.php(361): CodeIgniter\CodeIgniter->handleRequest(null, Object(Config\Cache), false)
13 FCPATH\index.php(79): CodeIgniter\CodeIgniter->run()
INFO - 2024-06-23 17:58:22 --> Session: Class initialized using 'CodeIgniter\Session\Handlers\FileHandler' driver.
CRITICAL - 2024-06-23 17:58:22 --> ErrorException: Trying to access array offset on value of type null
in APPPATH\Views\lokasi\v_edit_lokasi.php on line 19.
 1 APPPATH\Views\lokasi\v_edit_lokasi.php(19): CodeIgniter\Debug\Exceptions->errorHandler(2, 'Trying to access array offset on value of type null', 'C:\\xampp\\htdocs\\KULIAH\\webgisku\\app\\Views\\lokasi\\v_edit_lokasi.php', 19)
 2 SYSTEMPATH\View\View.php(228): include('C:\\xampp\\htdocs\\KULIAH\\webgisku\\app\\Views\\lokasi\\v_edit_lokasi.php')
 3 SYSTEMPATH\View\View.php(231): CodeIgniter\View\View->CodeIgniter\View\{closure}()
 4 SYSTEMPATH\Common.php(1178): CodeIgniter\View\View->render('lokasi/v_edit_lokasi', [], true)
 5 APPPATH\Views\v_template.php(143): view('lokasi/v_edit_lokasi')
 6 SYSTEMPATH\View\View.php(228): include('C:\\xampp\\htdocs\\KULIAH\\webgisku\\app\\Views\\v_template.php')
 7 SYSTEMPATH\View\View.php(231): CodeIgniter\View\View->CodeIgniter\View\{closure}()
 8 SYSTEMPATH\Common.php(1178): CodeIgniter\View\View->render('v_template', [], true)
 9 APPPATH\Controllers\Lokasi.php(80): view('v_template', [...])
10 SYSTEMPATH\CodeIgniter.php(941): App\Controllers\Lokasi->editLokasi('assets5', 'plugins', 'jquery-knob', 'jquery.knob.min.js')
11 SYSTEMPATH\CodeIgniter.php(502): CodeIgniter\CodeIgniter->runController(Object(App\Controllers\Lokasi))
12 SYSTEMPATH\CodeIgniter.php(361): CodeIgniter\CodeIgniter->handleRequest(null, Object(Config\Cache), false)
13 FCPATH\index.php(79): CodeIgniter\CodeIgniter->run()
INFO - 2024-06-23 17:58:22 --> Session: Class initialized using 'CodeIgniter\Session\Handlers\FileHandler' driver.
CRITICAL - 2024-06-23 17:58:22 --> ErrorException: Trying to access array offset on value of type null
in APPPATH\Views\lokasi\v_edit_lokasi.php on line 19.
 1 APPPATH\Views\lokasi\v_edit_lokasi.php(19): CodeIgniter\Debug\Exceptions->errorHandler(2, 'Trying to access array offset on value of type null', 'C:\\xampp\\htdocs\\KULIAH\\webgisku\\app\\Views\\lokasi\\v_edit_lokasi.php', 19)
 2 SYSTEMPATH\View\View.php(228): include('C:\\xampp\\htdocs\\KULIAH\\webgisku\\app\\Views\\lokasi\\v_edit_lokasi.php')
 3 SYSTEMPATH\View\View.php(231): CodeIgniter\View\View->CodeIgniter\View\{closure}()
 4 SYSTEMPATH\Common.php(1178): CodeIgniter\View\View->render('lokasi/v_edit_lokasi', [], true)
 5 APPPATH\Views\v_template.php(143): view('lokasi/v_edit_lokasi')
 6 SYSTEMPATH\View\View.php(228): include('C:\\xampp\\htdocs\\KULIAH\\webgisku\\app\\Views\\v_template.php')
 7 SYSTEMPATH\View\View.php(231): CodeIgniter\View\View->CodeIgniter\View\{closure}()
 8 SYSTEMPATH\Common.php(1178): CodeIgniter\View\View->render('v_template', [], true)
 9 APPPATH\Controllers\Lokasi.php(80): view('v_template', [...])
10 SYSTEMPATH\CodeIgniter.php(941): App\Controllers\Lokasi->editLokasi('assets5', 'plugins', 'moment', 'moment.min.js')
11 SYSTEMPATH\CodeIgniter.php(502): CodeIgniter\CodeIgniter->runController(Object(App\Controllers\Lokasi))
12 SYSTEMPATH\CodeIgniter.php(361): CodeIgniter\CodeIgniter->handleRequest(null, Object(Config\Cache), false)
13 FCPATH\index.php(79): CodeIgniter\CodeIgniter->run()
INFO - 2024-06-23 17:58:22 --> Session: Class initialized using 'CodeIgniter\Session\Handlers\FileHandler' driver.
CRITICAL - 2024-06-23 17:58:22 --> ErrorException: Trying to access array offset on value of type null
in APPPATH\Views\lokasi\v_edit_lokasi.php on line 19.
 1 APPPATH\Views\lokasi\v_edit_lokasi.php(19): CodeIgniter\Debug\Exceptions->errorHandler(2, 'Trying to access array offset on value of type null', 'C:\\xampp\\htdocs\\KULIAH\\webgisku\\app\\Views\\lokasi\\v_edit_lokasi.php', 19)
 2 SYSTEMPATH\View\View.php(228): include('C:\\xampp\\htdocs\\KULIAH\\webgisku\\app\\Views\\lokasi\\v_edit_lokasi.php')
 3 SYSTEMPATH\View\View.php(231): CodeIgniter\View\View->CodeIgniter\View\{closure}()
 4 SYSTEMPATH\Common.php(1178): CodeIgniter\View\View->render('lokasi/v_edit_lokasi', [], true)
 5 APPPATH\Views\v_template.php(143): view('lokasi/v_edit_lokasi')
 6 SYSTEMPATH\View\View.php(228): include('C:\\xampp\\htdocs\\KULIAH\\webgisku\\app\\Views\\v_template.php')
 7 SYSTEMPATH\View\View.php(231): CodeIgniter\View\View->CodeIgniter\View\{closure}()
 8 SYSTEMPATH\Common.php(1178): CodeIgniter\View\View->render('v_template', [], true)
 9 APPPATH\Controllers\Lokasi.php(80): view('v_template', [...])
10 SYSTEMPATH\CodeIgniter.php(941): App\Controllers\Lokasi->editLokasi('assets5', 'plugins', 'tempusdominus-bootstrap-4', 'js', 'tempusdominus-bootstrap-4.min.js')
11 SYSTEMPATH\CodeIgniter.php(502): CodeIgniter\CodeIgniter->runController(Object(App\Controllers\Lokasi))
12 SYSTEMPATH\CodeIgniter.php(361): CodeIgniter\CodeIgniter->handleRequest(null, Object(Config\Cache), false)
13 FCPATH\index.php(79): CodeIgniter\CodeIgniter->run()
INFO - 2024-06-23 17:58:22 --> Session: Class initialized using 'CodeIgniter\Session\Handlers\FileHandler' driver.
CRITICAL - 2024-06-23 17:58:22 --> ErrorException: Trying to access array offset on value of type null
in APPPATH\Views\lokasi\v_edit_lokasi.php on line 19.
 1 APPPATH\Views\lokasi\v_edit_lokasi.php(19): CodeIgniter\Debug\Exceptions->errorHandler(2, 'Trying to access array offset on value of type null', 'C:\\xampp\\htdocs\\KULIAH\\webgisku\\app\\Views\\lokasi\\v_edit_lokasi.php', 19)
 2 SYSTEMPATH\View\View.php(228): include('C:\\xampp\\htdocs\\KULIAH\\webgisku\\app\\Views\\lokasi\\v_edit_lokasi.php')
 3 SYSTEMPATH\View\View.php(231): CodeIgniter\View\View->CodeIgniter\View\{closure}()
 4 SYSTEMPATH\Common.php(1178): CodeIgniter\View\View->render('lokasi/v_edit_lokasi', [], true)
 5 APPPATH\Views\v_template.php(143): view('lokasi/v_edit_lokasi')
 6 SYSTEMPATH\View\View.php(228): include('C:\\xampp\\htdocs\\KULIAH\\webgisku\\app\\Views\\v_template.php')
 7 SYSTEMPATH\View\View.php(231): CodeIgniter\View\View->CodeIgniter\View\{closure}()
 8 SYSTEMPATH\Common.php(1178): CodeIgniter\View\View->render('v_template', [], true)
 9 APPPATH\Controllers\Lokasi.php(80): view('v_template', [...])
10 SYSTEMPATH\CodeIgniter.php(941): App\Controllers\Lokasi->editLokasi('assets5', 'plugins', 'daterangepicker', 'daterangepicker.js')
11 SYSTEMPATH\CodeIgniter.php(502): CodeIgniter\CodeIgniter->runController(Object(App\Controllers\Lokasi))
12 SYSTEMPATH\CodeIgniter.php(361): CodeIgniter\CodeIgniter->handleRequest(null, Object(Config\Cache), false)
13 FCPATH\index.php(79): CodeIgniter\CodeIgniter->run()
INFO - 2024-06-23 17:58:22 --> Session: Class initialized using 'CodeIgniter\Session\Handlers\FileHandler' driver.
CRITICAL - 2024-06-23 17:58:22 --> ErrorException: Trying to access array offset on value of type null
in APPPATH\Views\lokasi\v_edit_lokasi.php on line 19.
 1 APPPATH\Views\lokasi\v_edit_lokasi.php(19): CodeIgniter\Debug\Exceptions->errorHandler(2, 'Trying to access array offset on value of type null', 'C:\\xampp\\htdocs\\KULIAH\\webgisku\\app\\Views\\lokasi\\v_edit_lokasi.php', 19)
 2 SYSTEMPATH\View\View.php(228): include('C:\\xampp\\htdocs\\KULIAH\\webgisku\\app\\Views\\lokasi\\v_edit_lokasi.php')
 3 SYSTEMPATH\View\View.php(231): CodeIgniter\View\View->CodeIgniter\View\{closure}()
 4 SYSTEMPATH\Common.php(1178): CodeIgniter\View\View->render('lokasi/v_edit_lokasi', [], true)
 5 APPPATH\Views\v_template.php(143): view('lokasi/v_edit_lokasi')
 6 SYSTEMPATH\View\View.php(228): include('C:\\xampp\\htdocs\\KULIAH\\webgisku\\app\\Views\\v_template.php')
 7 SYSTEMPATH\View\View.php(231): CodeIgniter\View\View->CodeIgniter\View\{closure}()
 8 SYSTEMPATH\Common.php(1178): CodeIgniter\View\View->render('v_template', [], true)
 9 APPPATH\Controllers\Lokasi.php(80): view('v_template', [...])
10 SYSTEMPATH\CodeIgniter.php(941): App\Controllers\Lokasi->editLokasi('assets5', 'plugins', 'overlayScrollbars', 'js', 'jquery.overlayScrollbars.min.js')
11 SYSTEMPATH\CodeIgniter.php(502): CodeIgniter\CodeIgniter->runController(Object(App\Controllers\Lokasi))
12 SYSTEMPATH\CodeIgniter.php(361): CodeIgniter\CodeIgniter->handleRequest(null, Object(Config\Cache), false)
13 FCPATH\index.php(79): CodeIgniter\CodeIgniter->run()
INFO - 2024-06-23 17:58:22 --> Session: Class initialized using 'CodeIgniter\Session\Handlers\FileHandler' driver.
CRITICAL - 2024-06-23 17:58:22 --> ErrorException: Trying to access array offset on value of type null
in APPPATH\Views\lokasi\v_edit_lokasi.php on line 19.
 1 APPPATH\Views\lokasi\v_edit_lokasi.php(19): CodeIgniter\Debug\Exceptions->errorHandler(2, 'Trying to access array offset on value of type null', 'C:\\xampp\\htdocs\\KULIAH\\webgisku\\app\\Views\\lokasi\\v_edit_lokasi.php', 19)
 2 SYSTEMPATH\View\View.php(228): include('C:\\xampp\\htdocs\\KULIAH\\webgisku\\app\\Views\\lokasi\\v_edit_lokasi.php')
 3 SYSTEMPATH\View\View.php(231): CodeIgniter\View\View->CodeIgniter\View\{closure}()
 4 SYSTEMPATH\Common.php(1178): CodeIgniter\View\View->render('lokasi/v_edit_lokasi', [], true)
 5 APPPATH\Views\v_template.php(143): view('lokasi/v_edit_lokasi')
 6 SYSTEMPATH\View\View.php(228): include('C:\\xampp\\htdocs\\KULIAH\\webgisku\\app\\Views\\v_template.php')
 7 SYSTEMPATH\View\View.php(231): CodeIgniter\View\View->CodeIgniter\View\{closure}()
 8 SYSTEMPATH\Common.php(1178): CodeIgniter\View\View->render('v_template', [], true)
 9 APPPATH\Controllers\Lokasi.php(80): view('v_template', [...])
10 SYSTEMPATH\CodeIgniter.php(941): App\Controllers\Lokasi->editLokasi('assets5', 'plugins', 'summernote', 'summernote-bs4.min.js')
11 SYSTEMPATH\CodeIgniter.php(502): CodeIgniter\CodeIgniter->runController(Object(App\Controllers\Lokasi))
12 SYSTEMPATH\CodeIgniter.php(361): CodeIgniter\CodeIgniter->handleRequest(null, Object(Config\Cache), false)
13 FCPATH\index.php(79): CodeIgniter\CodeIgniter->run()
INFO - 2024-06-23 17:58:22 --> Session: Class initialized using 'CodeIgniter\Session\Handlers\FileHandler' driver.
CRITICAL - 2024-06-23 17:58:22 --> ErrorException: Trying to access array offset on value of type null
in APPPATH\Views\lokasi\v_edit_lokasi.php on line 19.
 1 APPPATH\Views\lokasi\v_edit_lokasi.php(19): CodeIgniter\Debug\Exceptions->errorHandler(2, 'Trying to access array offset on value of type null', 'C:\\xampp\\htdocs\\KULIAH\\webgisku\\app\\Views\\lokasi\\v_edit_lokasi.php', 19)
 2 SYSTEMPATH\View\View.php(228): include('C:\\xampp\\htdocs\\KULIAH\\webgisku\\app\\Views\\lokasi\\v_edit_lokasi.php')
 3 SYSTEMPATH\View\View.php(231): CodeIgniter\View\View->CodeIgniter\View\{closure}()
 4 SYSTEMPATH\Common.php(1178): CodeIgniter\View\View->render('lokasi/v_edit_lokasi', [], true)
 5 APPPATH\Views\v_template.php(143): view('lokasi/v_edit_lokasi')
 6 SYSTEMPATH\View\View.php(228): include('C:\\xampp\\htdocs\\KULIAH\\webgisku\\app\\Views\\v_template.php')
 7 SYSTEMPATH\View\View.php(231): CodeIgniter\View\View->CodeIgniter\View\{closure}()
 8 SYSTEMPATH\Common.php(1178): CodeIgniter\View\View->render('v_template', [], true)
 9 APPPATH\Controllers\Lokasi.php(80): view('v_template', [...])
10 SYSTEMPATH\CodeIgniter.php(941): App\Controllers\Lokasi->editLokasi('assets5', 'dist', 'js', 'adminlte.js')
11 SYSTEMPATH\CodeIgniter.php(502): CodeIgniter\CodeIgniter->runController(Object(App\Controllers\Lokasi))
12 SYSTEMPATH\CodeIgniter.php(361): CodeIgniter\CodeIgniter->handleRequest(null, Object(Config\Cache), false)
13 FCPATH\index.php(79): CodeIgniter\CodeIgniter->run()
INFO - 2024-06-23 17:58:22 --> Session: Class initialized using 'CodeIgniter\Session\Handlers\FileHandler' driver.
CRITICAL - 2024-06-23 17:58:22 --> ErrorException: Trying to access array offset on value of type null
in APPPATH\Views\lokasi\v_edit_lokasi.php on line 19.
 1 APPPATH\Views\lokasi\v_edit_lokasi.php(19): CodeIgniter\Debug\Exceptions->errorHandler(2, 'Trying to access array offset on value of type null', 'C:\\xampp\\htdocs\\KULIAH\\webgisku\\app\\Views\\lokasi\\v_edit_lokasi.php', 19)
 2 SYSTEMPATH\View\View.php(228): include('C:\\xampp\\htdocs\\KULIAH\\webgisku\\app\\Views\\lokasi\\v_edit_lokasi.php')
 3 SYSTEMPATH\View\View.php(231): CodeIgniter\View\View->CodeIgniter\View\{closure}()
 4 SYSTEMPATH\Common.php(1178): CodeIgniter\View\View->render('lokasi/v_edit_lokasi', [], true)
 5 APPPATH\Views\v_template.php(143): view('lokasi/v_edit_lokasi')
 6 SYSTEMPATH\View\View.php(228): include('C:\\xampp\\htdocs\\KULIAH\\webgisku\\app\\Views\\v_template.php')
 7 SYSTEMPATH\View\View.php(231): CodeIgniter\View\View->CodeIgniter\View\{closure}()
 8 SYSTEMPATH\Common.php(1178): CodeIgniter\View\View->render('v_template', [], true)
 9 APPPATH\Controllers\Lokasi.php(80): view('v_template', [...])
10 SYSTEMPATH\CodeIgniter.php(941): App\Controllers\Lokasi->editLokasi('assets5', 'dist', 'js', 'demo.js')
11 SYSTEMPATH\CodeIgniter.php(502): CodeIgniter\CodeIgniter->runController(Object(App\Controllers\Lokasi))
12 SYSTEMPATH\CodeIgniter.php(361): CodeIgniter\CodeIgniter->handleRequest(null, Object(Config\Cache), false)
13 FCPATH\index.php(79): CodeIgniter\CodeIgniter->run()
INFO - 2024-06-23 17:58:22 --> Session: Class initialized using 'CodeIgniter\Session\Handlers\FileHandler' driver.
CRITICAL - 2024-06-23 17:58:22 --> ErrorException: Trying to access array offset on value of type null
in APPPATH\Views\lokasi\v_edit_lokasi.php on line 19.
 1 APPPATH\Views\lokasi\v_edit_lokasi.php(19): CodeIgniter\Debug\Exceptions->errorHandler(2, 'Trying to access array offset on value of type null', 'C:\\xampp\\htdocs\\KULIAH\\webgisku\\app\\Views\\lokasi\\v_edit_lokasi.php', 19)
 2 SYSTEMPATH\View\View.php(228): include('C:\\xampp\\htdocs\\KULIAH\\webgisku\\app\\Views\\lokasi\\v_edit_lokasi.php')
 3 SYSTEMPATH\View\View.php(231): CodeIgniter\View\View->CodeIgniter\View\{closure}()
 4 SYSTEMPATH\Common.php(1178): CodeIgniter\View\View->render('lokasi/v_edit_lokasi', [], true)
 5 APPPATH\Views\v_template.php(143): view('lokasi/v_edit_lokasi')
 6 SYSTEMPATH\View\View.php(228): include('C:\\xampp\\htdocs\\KULIAH\\webgisku\\app\\Views\\v_template.php')
 7 SYSTEMPATH\View\View.php(231): CodeIgniter\View\View->CodeIgniter\View\{closure}()
 8 SYSTEMPATH\Common.php(1178): CodeIgniter\View\View->render('v_template', [], true)
 9 APPPATH\Controllers\Lokasi.php(80): view('v_template', [...])
10 SYSTEMPATH\CodeIgniter.php(941): App\Controllers\Lokasi->editLokasi('assets5', 'dist', 'js', 'pages', 'dashboard.js')
11 SYSTEMPATH\CodeIgniter.php(502): CodeIgniter\CodeIgniter->runController(Object(App\Controllers\Lokasi))
12 SYSTEMPATH\CodeIgniter.php(361): CodeIgniter\CodeIgniter->handleRequest(null, Object(Config\Cache), false)
13 FCPATH\index.php(79): CodeIgniter\CodeIgniter->run()
INFO - 2024-06-23 18:12:06 --> Session: Class initialized using 'CodeIgniter\Session\Handlers\FileHandler' driver.
INFO - 2024-06-23 18:12:18 --> Session: Class initialized using 'CodeIgniter\Session\Handlers\FileHandler' driver.
INFO - 2024-06-23 18:12:18 --> Session: Class initialized using 'CodeIgniter\Session\Handlers\FileHandler' driver.
INFO - 2024-06-23 18:12:34 --> Session: Class initialized using 'CodeIgniter\Session\Handlers\FileHandler' driver.
INFO - 2024-06-23 18:12:52 --> Session: Class initialized using 'CodeIgniter\Session\Handlers\FileHandler' driver.
INFO - 2024-06-23 18:13:28 --> Session: Class initialized using 'CodeIgniter\Session\Handlers\FileHandler' driver.
INFO - 2024-06-23 18:13:28 --> Session: Class initialized using 'CodeIgniter\Session\Handlers\FileHandler' driver.
INFO - 2024-06-23 18:15:57 --> Session: Class initialized using 'CodeIgniter\Session\Handlers\FileHandler' driver.
INFO - 2024-06-23 18:17:08 --> Session: Class initialized using 'CodeIgniter\Session\Handlers\FileHandler' driver.
INFO - 2024-06-23 18:17:08 --> Session: Class initialized using 'CodeIgniter\Session\Handlers\FileHandler' driver.
INFO - 2024-06-23 18:17:41 --> Session: Class initialized using 'CodeIgniter\Session\Handlers\FileHandler' driver.
INFO - 2024-06-23 18:19:24 --> Session: Class initialized using 'CodeIgniter\Session\Handlers\FileHandler' driver.
INFO - 2024-06-23 18:19:24 --> Session: Class initialized using 'CodeIgniter\Session\Handlers\FileHandler' driver.
INFO - 2024-06-23 18:20:33 --> Session: Class initialized using 'CodeIgniter\Session\Handlers\FileHandler' driver.
INFO - 2024-06-23 18:21:42 --> Session: Class initialized using 'CodeIgniter\Session\Handlers\FileHandler' driver.
INFO - 2024-06-23 18:21:42 --> Session: Class initialized using 'CodeIgniter\Session\Handlers\FileHandler' driver.
INFO - 2024-06-23 18:22:11 --> Session: Class initialized using 'CodeIgniter\Session\Handlers\FileHandler' driver.
INFO - 2024-06-23 18:23:04 --> Session: Class initialized using 'CodeIgniter\Session\Handlers\FileHandler' driver.
INFO - 2024-06-23 18:23:04 --> Session: Class initialized using 'CodeIgniter\Session\Handlers\FileHandler' driver.
INFO - 2024-06-23 18:23:29 --> Session: Class initialized using 'CodeIgniter\Session\Handlers\FileHandler' driver.
INFO - 2024-06-23 18:25:17 --> Session: Class initialized using 'CodeIgniter\Session\Handlers\FileHandler' driver.
INFO - 2024-06-23 18:25:17 --> Session: Class initialized using 'CodeIgniter\Session\Handlers\FileHandler' driver.
INFO - 2024-06-23 18:25:28 --> Session: Class initialized using 'CodeIgniter\Session\Handlers\FileHandler' driver.
INFO - 2024-06-23 18:26:47 --> Session: Class initialized using 'CodeIgniter\Session\Handlers\FileHandler' driver.
INFO - 2024-06-23 18:26:47 --> Session: Class initialized using 'CodeIgniter\Session\Handlers\FileHandler' driver.
INFO - 2024-06-23 18:27:19 --> Session: Class initialized using 'CodeIgniter\Session\Handlers\FileHandler' driver.
INFO - 2024-06-23 18:29:24 --> Session: Class initialized using 'CodeIgniter\Session\Handlers\FileHandler' driver.
INFO - 2024-06-23 18:29:24 --> Session: Class initialized using 'CodeIgniter\Session\Handlers\FileHandler' driver.
INFO - 2024-06-23 18:29:29 --> Session: Class initialized using 'CodeIgniter\Session\Handlers\FileHandler' driver.
INFO - 2024-06-23 18:29:48 --> Session: Class initialized using 'CodeIgniter\Session\Handlers\FileHandler' driver.
INFO - 2024-06-23 18:32:11 --> Session: Class initialized using 'CodeIgniter\Session\Handlers\FileHandler' driver.
INFO - 2024-06-23 18:32:11 --> Session: Class initialized using 'CodeIgniter\Session\Handlers\FileHandler' driver.
INFO - 2024-06-23 18:32:25 --> Session: Class initialized using 'CodeIgniter\Session\Handlers\FileHandler' driver.
INFO - 2024-06-23 18:32:37 --> Session: Class initialized using 'CodeIgniter\Session\Handlers\FileHandler' driver.
INFO - 2024-06-23 18:33:55 --> Session: Class initialized using 'CodeIgniter\Session\Handlers\FileHandler' driver.
INFO - 2024-06-23 18:33:55 --> Session: Class initialized using 'CodeIgniter\Session\Handlers\FileHandler' driver.
INFO - 2024-06-23 18:34:01 --> Session: Class initialized using 'CodeIgniter\Session\Handlers\FileHandler' driver.
INFO - 2024-06-23 18:34:18 --> Session: Class initialized using 'CodeIgniter\Session\Handlers\FileHandler' driver.
INFO - 2024-06-23 18:35:19 --> Session: Class initialized using 'CodeIgniter\Session\Handlers\FileHandler' driver.
INFO - 2024-06-23 18:35:20 --> Session: Class initialized using 'CodeIgniter\Session\Handlers\FileHandler' driver.
INFO - 2024-06-23 18:35:23 --> Session: Class initialized using 'CodeIgniter\Session\Handlers\FileHandler' driver.
INFO - 2024-06-23 18:37:07 --> Session: Class initialized using 'CodeIgniter\Session\Handlers\FileHandler' driver.
INFO - 2024-06-23 18:37:07 --> Session: Class initialized using 'CodeIgniter\Session\Handlers\FileHandler' driver.
INFO - 2024-06-23 18:37:09 --> Session: Class initialized using 'CodeIgniter\Session\Handlers\FileHandler' driver.
INFO - 2024-06-23 18:37:29 --> Session: Class initialized using 'CodeIgniter\Session\Handlers\FileHandler' driver.
INFO - 2024-06-23 18:37:40 --> Session: Class initialized using 'CodeIgniter\Session\Handlers\FileHandler' driver.
INFO - 2024-06-23 18:38:10 --> Session: Class initialized using 'CodeIgniter\Session\Handlers\FileHandler' driver.
INFO - 2024-06-23 18:39:40 --> Session: Class initialized using 'CodeIgniter\Session\Handlers\FileHandler' driver.
INFO - 2024-06-23 18:40:27 --> Session: Class initialized using 'CodeIgniter\Session\Handlers\FileHandler' driver.
INFO - 2024-06-23 18:40:27 --> Session: Class initialized using 'CodeIgniter\Session\Handlers\FileHandler' driver.
INFO - 2024-06-23 18:40:29 --> Session: Class initialized using 'CodeIgniter\Session\Handlers\FileHandler' driver.
INFO - 2024-06-23 18:41:57 --> Session: Class initialized using 'CodeIgniter\Session\Handlers\FileHandler' driver.
INFO - 2024-06-23 18:41:57 --> Session: Class initialized using 'CodeIgniter\Session\Handlers\FileHandler' driver.
INFO - 2024-06-23 18:42:00 --> Session: Class initialized using 'CodeIgniter\Session\Handlers\FileHandler' driver.
INFO - 2024-06-23 18:43:31 --> Session: Class initialized using 'CodeIgniter\Session\Handlers\FileHandler' driver.
INFO - 2024-06-23 18:43:31 --> Session: Class initialized using 'CodeIgniter\Session\Handlers\FileHandler' driver.
INFO - 2024-06-23 18:43:33 --> Session: Class initialized using 'CodeIgniter\Session\Handlers\FileHandler' driver.
INFO - 2024-06-23 18:44:49 --> Session: Class initialized using 'CodeIgniter\Session\Handlers\FileHandler' driver.
INFO - 2024-06-23 18:44:49 --> Session: Class initialized using 'CodeIgniter\Session\Handlers\FileHandler' driver.
INFO - 2024-06-23 18:44:52 --> Session: Class initialized using 'CodeIgniter\Session\Handlers\FileHandler' driver.
INFO - 2024-06-23 18:46:01 --> Session: Class initialized using 'CodeIgniter\Session\Handlers\FileHandler' driver.
INFO - 2024-06-23 18:46:02 --> Session: Class initialized using 'CodeIgniter\Session\Handlers\FileHandler' driver.
INFO - 2024-06-23 18:46:32 --> Session: Class initialized using 'CodeIgniter\Session\Handlers\FileHandler' driver.
INFO - 2024-06-23 18:47:06 --> Session: Class initialized using 'CodeIgniter\Session\Handlers\FileHandler' driver.
INFO - 2024-06-23 18:47:06 --> Session: Class initialized using 'CodeIgniter\Session\Handlers\FileHandler' driver.
INFO - 2024-06-23 18:47:09 --> Session: Class initialized using 'CodeIgniter\Session\Handlers\FileHandler' driver.
INFO - 2024-06-23 18:47:53 --> Session: Class initialized using 'CodeIgniter\Session\Handlers\FileHandler' driver.
INFO - 2024-06-23 18:48:29 --> Session: Class initialized using 'CodeIgniter\Session\Handlers\FileHandler' driver.
INFO - 2024-06-23 18:48:29 --> Session: Class initialized using 'CodeIgniter\Session\Handlers\FileHandler' driver.
INFO - 2024-06-23 18:48:32 --> Session: Class initialized using 'CodeIgniter\Session\Handlers\FileHandler' driver.
INFO - 2024-06-23 18:49:01 --> Session: Class initialized using 'CodeIgniter\Session\Handlers\FileHandler' driver.
INFO - 2024-06-23 18:49:54 --> Session: Class initialized using 'CodeIgniter\Session\Handlers\FileHandler' driver.
INFO - 2024-06-23 18:49:54 --> Session: Class initialized using 'CodeIgniter\Session\Handlers\FileHandler' driver.
INFO - 2024-06-23 18:49:57 --> Session: Class initialized using 'CodeIgniter\Session\Handlers\FileHandler' driver.
INFO - 2024-06-23 18:51:42 --> Session: Class initialized using 'CodeIgniter\Session\Handlers\FileHandler' driver.
INFO - 2024-06-23 18:51:42 --> Session: Class initialized using 'CodeIgniter\Session\Handlers\FileHandler' driver.
