CRITICAL - 2024-09-26 02:46:57 --> mysqli_sql_exception: Table 'batubara.tbl_lokasi' doesn't exist
in APPPATH\Views\v_home.php on line 20.
 1 APPPATH\Views\v_home.php(20): mysqli->query('SELECT * FROM tbl_lokasi')
 2 SYSTEMPATH\View\View.php(228): include('C:\\xampp\\htdocs\\fileku\\gis11\\app\\Views\\v_home.php')
 3 SYSTEMPATH\View\View.php(231): CodeIgniter\View\View->CodeIgniter\View\{closure}()
 4 SYSTEMPATH\Common.php(1178): CodeIgniter\View\View->render('v_home', [], true)
 5 APPPATH\Views\v_template.php(248): view('v_home')
 6 SYSTEMPATH\View\View.php(228): include('C:\\xampp\\htdocs\\fileku\\gis11\\app\\Views\\v_template.php')
 7 SYSTEMPATH\View\View.php(231): CodeIgniter\View\View->CodeIgniter\View\{closure}()
 8 SYSTEMPATH\Common.php(1178): CodeIgniter\View\View->render('v_template', [], true)
 9 APPPATH\Controllers\Home.php(14): view('v_template', [...])
10 SYSTEMPATH\CodeIgniter.php(941): App\Controllers\Home->index()
11 SYSTEMPATH\CodeIgniter.php(502): CodeIgniter\CodeIgniter->runController(Object(App\Controllers\Home))
12 SYSTEMPATH\CodeIgniter.php(361): CodeIgniter\CodeIgniter->handleRequest(null, Object(Config\Cache), false)
13 FCPATH\index.php(79): CodeIgniter\CodeIgniter->run()
CRITICAL - 2024-09-26 02:48:23 --> mysqli_sql_exception: Table 'batubara.tbl_lokasi' doesn't exist
in APPPATH\Views\v_home.php on line 20.
 1 APPPATH\Views\v_home.php(20): mysqli->query('SELECT * FROM tbl_lokasi')
 2 SYSTEMPATH\View\View.php(228): include('C:\\xampp\\htdocs\\fileku\\gis11\\app\\Views\\v_home.php')
 3 SYSTEMPATH\View\View.php(231): CodeIgniter\View\View->CodeIgniter\View\{closure}()
 4 SYSTEMPATH\Common.php(1178): CodeIgniter\View\View->render('v_home', [], true)
 5 APPPATH\Views\v_template.php(248): view('v_home')
 6 SYSTEMPATH\View\View.php(228): include('C:\\xampp\\htdocs\\fileku\\gis11\\app\\Views\\v_template.php')
 7 SYSTEMPATH\View\View.php(231): CodeIgniter\View\View->CodeIgniter\View\{closure}()
 8 SYSTEMPATH\Common.php(1178): CodeIgniter\View\View->render('v_template', [], true)
 9 APPPATH\Controllers\Home.php(14): view('v_template', [...])
10 SYSTEMPATH\CodeIgniter.php(941): App\Controllers\Home->index()
11 SYSTEMPATH\CodeIgniter.php(502): CodeIgniter\CodeIgniter->runController(Object(App\Controllers\Home))
12 SYSTEMPATH\CodeIgniter.php(361): CodeIgniter\CodeIgniter->handleRequest(null, Object(Config\Cache), false)
13 FCPATH\index.php(79): CodeIgniter\CodeIgniter->run()
CRITICAL - 2024-09-26 02:49:01 --> mysqli_sql_exception: Table 'batubara.tbl_lokasi' doesn't exist
in APPPATH\Views\v_home.php on line 20.
 1 APPPATH\Views\v_home.php(20): mysqli->query('SELECT * FROM tbl_lokasi')
 2 SYSTEMPATH\View\View.php(228): include('C:\\xampp\\htdocs\\fileku\\gis11\\app\\Views\\v_home.php')
 3 SYSTEMPATH\View\View.php(231): CodeIgniter\View\View->CodeIgniter\View\{closure}()
 4 SYSTEMPATH\Common.php(1178): CodeIgniter\View\View->render('v_home', [], true)
 5 APPPATH\Views\v_template.php(248): view('v_home')
 6 SYSTEMPATH\View\View.php(228): include('C:\\xampp\\htdocs\\fileku\\gis11\\app\\Views\\v_template.php')
 7 SYSTEMPATH\View\View.php(231): CodeIgniter\View\View->CodeIgniter\View\{closure}()
 8 SYSTEMPATH\Common.php(1178): CodeIgniter\View\View->render('v_template', [], true)
 9 APPPATH\Controllers\Home.php(14): view('v_template', [...])
10 SYSTEMPATH\CodeIgniter.php(941): App\Controllers\Home->index()
11 SYSTEMPATH\CodeIgniter.php(502): CodeIgniter\CodeIgniter->runController(Object(App\Controllers\Home))
12 SYSTEMPATH\CodeIgniter.php(361): CodeIgniter\CodeIgniter->handleRequest(null, Object(Config\Cache), false)
13 FCPATH\index.php(79): CodeIgniter\CodeIgniter->run()
CRITICAL - 2024-09-26 02:49:05 --> mysqli_sql_exception: Table 'batubara.tbl_lokasi' doesn't exist
in APPPATH\Views\v_home.php on line 20.
 1 APPPATH\Views\v_home.php(20): mysqli->query('SELECT * FROM tbl_lokasi')
 2 SYSTEMPATH\View\View.php(228): include('C:\\xampp\\htdocs\\fileku\\gis11\\app\\Views\\v_home.php')
 3 SYSTEMPATH\View\View.php(231): CodeIgniter\View\View->CodeIgniter\View\{closure}()
 4 SYSTEMPATH\Common.php(1178): CodeIgniter\View\View->render('v_home', [], true)
 5 APPPATH\Views\v_template.php(248): view('v_home')
 6 SYSTEMPATH\View\View.php(228): include('C:\\xampp\\htdocs\\fileku\\gis11\\app\\Views\\v_template.php')
 7 SYSTEMPATH\View\View.php(231): CodeIgniter\View\View->CodeIgniter\View\{closure}()
 8 SYSTEMPATH\Common.php(1178): CodeIgniter\View\View->render('v_template', [], true)
 9 APPPATH\Controllers\Home.php(14): view('v_template', [...])
10 SYSTEMPATH\CodeIgniter.php(941): App\Controllers\Home->index()
11 SYSTEMPATH\CodeIgniter.php(502): CodeIgniter\CodeIgniter->runController(Object(App\Controllers\Home))
12 SYSTEMPATH\CodeIgniter.php(361): CodeIgniter\CodeIgniter->handleRequest(null, Object(Config\Cache), false)
13 FCPATH\index.php(79): CodeIgniter\CodeIgniter->run()
CRITICAL - 2024-09-26 02:49:06 --> mysqli_sql_exception: Table 'batubara.tbl_lokasi' doesn't exist
in APPPATH\Views\v_home.php on line 20.
 1 APPPATH\Views\v_home.php(20): mysqli->query('SELECT * FROM tbl_lokasi')
 2 SYSTEMPATH\View\View.php(228): include('C:\\xampp\\htdocs\\fileku\\gis11\\app\\Views\\v_home.php')
 3 SYSTEMPATH\View\View.php(231): CodeIgniter\View\View->CodeIgniter\View\{closure}()
 4 SYSTEMPATH\Common.php(1178): CodeIgniter\View\View->render('v_home', [], true)
 5 APPPATH\Views\v_template.php(248): view('v_home')
 6 SYSTEMPATH\View\View.php(228): include('C:\\xampp\\htdocs\\fileku\\gis11\\app\\Views\\v_template.php')
 7 SYSTEMPATH\View\View.php(231): CodeIgniter\View\View->CodeIgniter\View\{closure}()
 8 SYSTEMPATH\Common.php(1178): CodeIgniter\View\View->render('v_template', [], true)
 9 APPPATH\Controllers\Home.php(14): view('v_template', [...])
10 SYSTEMPATH\CodeIgniter.php(941): App\Controllers\Home->index()
11 SYSTEMPATH\CodeIgniter.php(502): CodeIgniter\CodeIgniter->runController(Object(App\Controllers\Home))
12 SYSTEMPATH\CodeIgniter.php(361): CodeIgniter\CodeIgniter->handleRequest(null, Object(Config\Cache), false)
13 FCPATH\index.php(79): CodeIgniter\CodeIgniter->run()
CRITICAL - 2024-09-26 02:50:56 --> mysqli_sql_exception: Table 'batubara.tbl_lokasi' doesn't exist
in APPPATH\Views\v_home.php on line 20.
 1 APPPATH\Views\v_home.php(20): mysqli->query('SELECT * FROM tbl_lokasi')
 2 SYSTEMPATH\View\View.php(228): include('C:\\xampp\\htdocs\\fileku\\gis11\\app\\Views\\v_home.php')
 3 SYSTEMPATH\View\View.php(231): CodeIgniter\View\View->CodeIgniter\View\{closure}()
 4 SYSTEMPATH\Common.php(1178): CodeIgniter\View\View->render('v_home', [], true)
 5 APPPATH\Views\v_template.php(248): view('v_home')
 6 SYSTEMPATH\View\View.php(228): include('C:\\xampp\\htdocs\\fileku\\gis11\\app\\Views\\v_template.php')
 7 SYSTEMPATH\View\View.php(231): CodeIgniter\View\View->CodeIgniter\View\{closure}()
 8 SYSTEMPATH\Common.php(1178): CodeIgniter\View\View->render('v_template', [], true)
 9 APPPATH\Controllers\Home.php(14): view('v_template', [...])
10 SYSTEMPATH\CodeIgniter.php(941): App\Controllers\Home->index()
11 SYSTEMPATH\CodeIgniter.php(502): CodeIgniter\CodeIgniter->runController(Object(App\Controllers\Home))
12 SYSTEMPATH\CodeIgniter.php(361): CodeIgniter\CodeIgniter->handleRequest(null, Object(Config\Cache), false)
13 FCPATH\index.php(79): CodeIgniter\CodeIgniter->run()
CRITICAL - 2024-09-26 02:50:58 --> mysqli_sql_exception: Table 'batubara.tbl_lokasi' doesn't exist
in APPPATH\Views\v_home.php on line 20.
 1 APPPATH\Views\v_home.php(20): mysqli->query('SELECT * FROM tbl_lokasi')
 2 SYSTEMPATH\View\View.php(228): include('C:\\xampp\\htdocs\\fileku\\gis11\\app\\Views\\v_home.php')
 3 SYSTEMPATH\View\View.php(231): CodeIgniter\View\View->CodeIgniter\View\{closure}()
 4 SYSTEMPATH\Common.php(1178): CodeIgniter\View\View->render('v_home', [], true)
 5 APPPATH\Views\v_template.php(248): view('v_home')
 6 SYSTEMPATH\View\View.php(228): include('C:\\xampp\\htdocs\\fileku\\gis11\\app\\Views\\v_template.php')
 7 SYSTEMPATH\View\View.php(231): CodeIgniter\View\View->CodeIgniter\View\{closure}()
 8 SYSTEMPATH\Common.php(1178): CodeIgniter\View\View->render('v_template', [], true)
 9 APPPATH\Controllers\Home.php(14): view('v_template', [...])
10 SYSTEMPATH\CodeIgniter.php(941): App\Controllers\Home->index()
11 SYSTEMPATH\CodeIgniter.php(502): CodeIgniter\CodeIgniter->runController(Object(App\Controllers\Home))
12 SYSTEMPATH\CodeIgniter.php(361): CodeIgniter\CodeIgniter->handleRequest(null, Object(Config\Cache), false)
13 FCPATH\index.php(79): CodeIgniter\CodeIgniter->run()
CRITICAL - 2024-09-26 02:56:19 --> mysqli_sql_exception: Table 'batubara.tbl_lokasi' doesn't exist
in APPPATH\Views\v_home.php on line 20.
 1 APPPATH\Views\v_home.php(20): mysqli->query('SELECT * FROM tbl_lokasi')
 2 SYSTEMPATH\View\View.php(228): include('C:\\xampp\\htdocs\\fileku\\gis11\\app\\Views\\v_home.php')
 3 SYSTEMPATH\View\View.php(231): CodeIgniter\View\View->CodeIgniter\View\{closure}()
 4 SYSTEMPATH\Common.php(1178): CodeIgniter\View\View->render('v_home', [], true)
 5 APPPATH\Views\v_template.php(248): view('v_home')
 6 SYSTEMPATH\View\View.php(228): include('C:\\xampp\\htdocs\\fileku\\gis11\\app\\Views\\v_template.php')
 7 SYSTEMPATH\View\View.php(231): CodeIgniter\View\View->CodeIgniter\View\{closure}()
 8 SYSTEMPATH\Common.php(1178): CodeIgniter\View\View->render('v_template', [], true)
 9 APPPATH\Controllers\Home.php(14): view('v_template', [...])
10 SYSTEMPATH\CodeIgniter.php(941): App\Controllers\Home->index()
11 SYSTEMPATH\CodeIgniter.php(502): CodeIgniter\CodeIgniter->runController(Object(App\Controllers\Home))
12 SYSTEMPATH\CodeIgniter.php(361): CodeIgniter\CodeIgniter->handleRequest(null, Object(Config\Cache), false)
13 FCPATH\index.php(79): CodeIgniter\CodeIgniter->run()
CRITICAL - 2024-09-26 02:56:20 --> mysqli_sql_exception: Table 'batubara.tbl_lokasi' doesn't exist
in APPPATH\Views\v_home.php on line 20.
 1 APPPATH\Views\v_home.php(20): mysqli->query('SELECT * FROM tbl_lokasi')
 2 SYSTEMPATH\View\View.php(228): include('C:\\xampp\\htdocs\\fileku\\gis11\\app\\Views\\v_home.php')
 3 SYSTEMPATH\View\View.php(231): CodeIgniter\View\View->CodeIgniter\View\{closure}()
 4 SYSTEMPATH\Common.php(1178): CodeIgniter\View\View->render('v_home', [], true)
 5 APPPATH\Views\v_template.php(248): view('v_home')
 6 SYSTEMPATH\View\View.php(228): include('C:\\xampp\\htdocs\\fileku\\gis11\\app\\Views\\v_template.php')
 7 SYSTEMPATH\View\View.php(231): CodeIgniter\View\View->CodeIgniter\View\{closure}()
 8 SYSTEMPATH\Common.php(1178): CodeIgniter\View\View->render('v_template', [], true)
 9 APPPATH\Controllers\Home.php(14): view('v_template', [...])
10 SYSTEMPATH\CodeIgniter.php(941): App\Controllers\Home->index()
11 SYSTEMPATH\CodeIgniter.php(502): CodeIgniter\CodeIgniter->runController(Object(App\Controllers\Home))
12 SYSTEMPATH\CodeIgniter.php(361): CodeIgniter\CodeIgniter->handleRequest(null, Object(Config\Cache), false)
13 FCPATH\index.php(79): CodeIgniter\CodeIgniter->run()
CRITICAL - 2024-09-26 02:56:20 --> mysqli_sql_exception: Table 'batubara.tbl_lokasi' doesn't exist
in APPPATH\Views\v_home.php on line 20.
 1 APPPATH\Views\v_home.php(20): mysqli->query('SELECT * FROM tbl_lokasi')
 2 SYSTEMPATH\View\View.php(228): include('C:\\xampp\\htdocs\\fileku\\gis11\\app\\Views\\v_home.php')
 3 SYSTEMPATH\View\View.php(231): CodeIgniter\View\View->CodeIgniter\View\{closure}()
 4 SYSTEMPATH\Common.php(1178): CodeIgniter\View\View->render('v_home', [], true)
 5 APPPATH\Views\v_template.php(248): view('v_home')
 6 SYSTEMPATH\View\View.php(228): include('C:\\xampp\\htdocs\\fileku\\gis11\\app\\Views\\v_template.php')
 7 SYSTEMPATH\View\View.php(231): CodeIgniter\View\View->CodeIgniter\View\{closure}()
 8 SYSTEMPATH\Common.php(1178): CodeIgniter\View\View->render('v_template', [], true)
 9 APPPATH\Controllers\Home.php(14): view('v_template', [...])
10 SYSTEMPATH\CodeIgniter.php(941): App\Controllers\Home->index()
11 SYSTEMPATH\CodeIgniter.php(502): CodeIgniter\CodeIgniter->runController(Object(App\Controllers\Home))
12 SYSTEMPATH\CodeIgniter.php(361): CodeIgniter\CodeIgniter->handleRequest(null, Object(Config\Cache), false)
13 FCPATH\index.php(79): CodeIgniter\CodeIgniter->run()
CRITICAL - 2024-09-26 02:56:20 --> mysqli_sql_exception: Table 'batubara.tbl_lokasi' doesn't exist
in APPPATH\Views\v_home.php on line 20.
 1 APPPATH\Views\v_home.php(20): mysqli->query('SELECT * FROM tbl_lokasi')
 2 SYSTEMPATH\View\View.php(228): include('C:\\xampp\\htdocs\\fileku\\gis11\\app\\Views\\v_home.php')
 3 SYSTEMPATH\View\View.php(231): CodeIgniter\View\View->CodeIgniter\View\{closure}()
 4 SYSTEMPATH\Common.php(1178): CodeIgniter\View\View->render('v_home', [], true)
 5 APPPATH\Views\v_template.php(248): view('v_home')
 6 SYSTEMPATH\View\View.php(228): include('C:\\xampp\\htdocs\\fileku\\gis11\\app\\Views\\v_template.php')
 7 SYSTEMPATH\View\View.php(231): CodeIgniter\View\View->CodeIgniter\View\{closure}()
 8 SYSTEMPATH\Common.php(1178): CodeIgniter\View\View->render('v_template', [], true)
 9 APPPATH\Controllers\Home.php(14): view('v_template', [...])
10 SYSTEMPATH\CodeIgniter.php(941): App\Controllers\Home->index()
11 SYSTEMPATH\CodeIgniter.php(502): CodeIgniter\CodeIgniter->runController(Object(App\Controllers\Home))
12 SYSTEMPATH\CodeIgniter.php(361): CodeIgniter\CodeIgniter->handleRequest(null, Object(Config\Cache), false)
13 FCPATH\index.php(79): CodeIgniter\CodeIgniter->run()
CRITICAL - 2024-09-26 02:56:20 --> mysqli_sql_exception: Table 'batubara.tbl_lokasi' doesn't exist
in APPPATH\Views\v_home.php on line 20.
 1 APPPATH\Views\v_home.php(20): mysqli->query('SELECT * FROM tbl_lokasi')
 2 SYSTEMPATH\View\View.php(228): include('C:\\xampp\\htdocs\\fileku\\gis11\\app\\Views\\v_home.php')
 3 SYSTEMPATH\View\View.php(231): CodeIgniter\View\View->CodeIgniter\View\{closure}()
 4 SYSTEMPATH\Common.php(1178): CodeIgniter\View\View->render('v_home', [], true)
 5 APPPATH\Views\v_template.php(248): view('v_home')
 6 SYSTEMPATH\View\View.php(228): include('C:\\xampp\\htdocs\\fileku\\gis11\\app\\Views\\v_template.php')
 7 SYSTEMPATH\View\View.php(231): CodeIgniter\View\View->CodeIgniter\View\{closure}()
 8 SYSTEMPATH\Common.php(1178): CodeIgniter\View\View->render('v_template', [], true)
 9 APPPATH\Controllers\Home.php(14): view('v_template', [...])
10 SYSTEMPATH\CodeIgniter.php(941): App\Controllers\Home->index()
11 SYSTEMPATH\CodeIgniter.php(502): CodeIgniter\CodeIgniter->runController(Object(App\Controllers\Home))
12 SYSTEMPATH\CodeIgniter.php(361): CodeIgniter\CodeIgniter->handleRequest(null, Object(Config\Cache), false)
13 FCPATH\index.php(79): CodeIgniter\CodeIgniter->run()
CRITICAL - 2024-09-26 02:57:44 --> ErrorException: Undefined array key "fasilitas"
in APPPATH\Views\lokasi\v_pemetaan_lokasi.php on line 131.
 1 APPPATH\Views\lokasi\v_pemetaan_lokasi.php(131): CodeIgniter\Debug\Exceptions->errorHandler(2, 'Undefined array key "fasilitas"', 'C:\\xampp\\htdocs\\fileku\\gis11\\app\\Views\\lokasi\\v_pemetaan_lokasi.php', 131)
 2 SYSTEMPATH\View\View.php(228): include('C:\\xampp\\htdocs\\fileku\\gis11\\app\\Views\\lokasi\\v_pemetaan_lokasi.php')
 3 SYSTEMPATH\View\View.php(231): CodeIgniter\View\View->CodeIgniter\View\{closure}()
 4 SYSTEMPATH\Common.php(1178): CodeIgniter\View\View->render('lokasi/v_pemetaan_lokasi', [], true)
 5 APPPATH\Views\v_template.php(248): view('lokasi/v_pemetaan_lokasi')
 6 SYSTEMPATH\View\View.php(228): include('C:\\xampp\\htdocs\\fileku\\gis11\\app\\Views\\v_template.php')
 7 SYSTEMPATH\View\View.php(231): CodeIgniter\View\View->CodeIgniter\View\{closure}()
 8 SYSTEMPATH\Common.php(1178): CodeIgniter\View\View->render('v_template', [], true)
 9 APPPATH\Controllers\Lokasi.php(173): view('v_template', [...])
10 SYSTEMPATH\CodeIgniter.php(941): App\Controllers\Lokasi->pemetaanLokasi()
11 SYSTEMPATH\CodeIgniter.php(502): CodeIgniter\CodeIgniter->runController(Object(App\Controllers\Lokasi))
12 SYSTEMPATH\CodeIgniter.php(361): CodeIgniter\CodeIgniter->handleRequest(null, Object(Config\Cache), false)
13 FCPATH\index.php(79): CodeIgniter\CodeIgniter->run()
CRITICAL - 2024-09-26 02:58:59 --> ErrorException: Undefined array key "fasilitas"
in APPPATH\Views\lokasi\v_pemetaan_lokasi.php on line 131.
 1 APPPATH\Views\lokasi\v_pemetaan_lokasi.php(131): CodeIgniter\Debug\Exceptions->errorHandler(2, 'Undefined array key "fasilitas"', 'C:\\xampp\\htdocs\\fileku\\gis11\\app\\Views\\lokasi\\v_pemetaan_lokasi.php', 131)
 2 SYSTEMPATH\View\View.php(228): include('C:\\xampp\\htdocs\\fileku\\gis11\\app\\Views\\lokasi\\v_pemetaan_lokasi.php')
 3 SYSTEMPATH\View\View.php(231): CodeIgniter\View\View->CodeIgniter\View\{closure}()
 4 SYSTEMPATH\Common.php(1178): CodeIgniter\View\View->render('lokasi/v_pemetaan_lokasi', [], true)
 5 APPPATH\Views\v_template.php(248): view('lokasi/v_pemetaan_lokasi')
 6 SYSTEMPATH\View\View.php(228): include('C:\\xampp\\htdocs\\fileku\\gis11\\app\\Views\\v_template.php')
 7 SYSTEMPATH\View\View.php(231): CodeIgniter\View\View->CodeIgniter\View\{closure}()
 8 SYSTEMPATH\Common.php(1178): CodeIgniter\View\View->render('v_template', [], true)
 9 APPPATH\Controllers\Lokasi.php(173): view('v_template', [...])
10 SYSTEMPATH\CodeIgniter.php(941): App\Controllers\Lokasi->pemetaanLokasi()
11 SYSTEMPATH\CodeIgniter.php(502): CodeIgniter\CodeIgniter->runController(Object(App\Controllers\Lokasi))
12 SYSTEMPATH\CodeIgniter.php(361): CodeIgniter\CodeIgniter->handleRequest(null, Object(Config\Cache), false)
13 FCPATH\index.php(79): CodeIgniter\CodeIgniter->run()
CRITICAL - 2024-09-26 04:14:17 --> ErrorException: Undefined array key "fasilitas"
in APPPATH\Views\lokasi\v_pemetaan_lokasi.php on line 131.
 1 APPPATH\Views\lokasi\v_pemetaan_lokasi.php(131): CodeIgniter\Debug\Exceptions->errorHandler(2, 'Undefined array key "fasilitas"', 'C:\\xampp\\htdocs\\fileku\\gis11\\app\\Views\\lokasi\\v_pemetaan_lokasi.php', 131)
 2 SYSTEMPATH\View\View.php(228): include('C:\\xampp\\htdocs\\fileku\\gis11\\app\\Views\\lokasi\\v_pemetaan_lokasi.php')
 3 SYSTEMPATH\View\View.php(231): CodeIgniter\View\View->CodeIgniter\View\{closure}()
 4 SYSTEMPATH\Common.php(1178): CodeIgniter\View\View->render('lokasi/v_pemetaan_lokasi', [], true)
 5 APPPATH\Views\v_template.php(248): view('lokasi/v_pemetaan_lokasi')
 6 SYSTEMPATH\View\View.php(228): include('C:\\xampp\\htdocs\\fileku\\gis11\\app\\Views\\v_template.php')
 7 SYSTEMPATH\View\View.php(231): CodeIgniter\View\View->CodeIgniter\View\{closure}()
 8 SYSTEMPATH\Common.php(1178): CodeIgniter\View\View->render('v_template', [], true)
 9 APPPATH\Controllers\Lokasi.php(173): view('v_template', [...])
10 SYSTEMPATH\CodeIgniter.php(941): App\Controllers\Lokasi->pemetaanLokasi()
11 SYSTEMPATH\CodeIgniter.php(502): CodeIgniter\CodeIgniter->runController(Object(App\Controllers\Lokasi))
12 SYSTEMPATH\CodeIgniter.php(361): CodeIgniter\CodeIgniter->handleRequest(null, Object(Config\Cache), false)
13 FCPATH\index.php(79): CodeIgniter\CodeIgniter->run()
INFO - 2024-09-26 04:19:42 --> Session: Class initialized using 'CodeIgniter\Session\Handlers\FileHandler' driver.
INFO - 2024-09-26 04:20:40 --> Session: Class initialized using 'CodeIgniter\Session\Handlers\FileHandler' driver.
INFO - 2024-09-26 04:32:48 --> Session: Class initialized using 'CodeIgniter\Session\Handlers\FileHandler' driver.
INFO - 2024-09-26 04:33:00 --> Session: Class initialized using 'CodeIgniter\Session\Handlers\FileHandler' driver.
INFO - 2024-09-26 04:33:08 --> Session: Class initialized using 'CodeIgniter\Session\Handlers\FileHandler' driver.
INFO - 2024-09-26 04:37:06 --> Session: Class initialized using 'CodeIgniter\Session\Handlers\FileHandler' driver.
INFO - 2024-09-26 04:37:06 --> Session: Class initialized using 'CodeIgniter\Session\Handlers\FileHandler' driver.
CRITICAL - 2024-09-26 04:39:44 --> mysqli_sql_exception: Unknown database 'batubara_aji'
in APPPATH\Views\v_home.php on line 11.
 1 APPPATH\Views\v_home.php(11): mysqli->__construct('localhost', 'root', Object(SensitiveParameterValue), 'batubara_aji')
 2 SYSTEMPATH\View\View.php(228): include('C:\\xampp\\htdocs\\fileku\\gis11\\app\\Views\\v_home.php')
 3 SYSTEMPATH\View\View.php(231): CodeIgniter\View\View->CodeIgniter\View\{closure}()
 4 SYSTEMPATH\Common.php(1178): CodeIgniter\View\View->render('v_home', [], true)
 5 APPPATH\Views\v_template.php(248): view('v_home')
 6 SYSTEMPATH\View\View.php(228): include('C:\\xampp\\htdocs\\fileku\\gis11\\app\\Views\\v_template.php')
 7 SYSTEMPATH\View\View.php(231): CodeIgniter\View\View->CodeIgniter\View\{closure}()
 8 SYSTEMPATH\Common.php(1178): CodeIgniter\View\View->render('v_template', [], true)
 9 APPPATH\Controllers\Home.php(14): view('v_template', [...])
10 SYSTEMPATH\CodeIgniter.php(941): App\Controllers\Home->index()
11 SYSTEMPATH\CodeIgniter.php(502): CodeIgniter\CodeIgniter->runController(Object(App\Controllers\Home))
12 SYSTEMPATH\CodeIgniter.php(361): CodeIgniter\CodeIgniter->handleRequest(null, Object(Config\Cache), false)
13 FCPATH\index.php(79): CodeIgniter\CodeIgniter->run()
CRITICAL - 2024-09-26 04:40:46 --> mysqli_sql_exception: Unknown database 'batubara_aji'
in APPPATH\Views\v_home.php on line 11.
 1 APPPATH\Views\v_home.php(11): mysqli->__construct('localhost', 'root', Object(SensitiveParameterValue), 'batubara_aji')
 2 SYSTEMPATH\View\View.php(228): include('C:\\xampp\\htdocs\\fileku\\gis11\\app\\Views\\v_home.php')
 3 SYSTEMPATH\View\View.php(231): CodeIgniter\View\View->CodeIgniter\View\{closure}()
 4 SYSTEMPATH\Common.php(1178): CodeIgniter\View\View->render('v_home', [], true)
 5 APPPATH\Views\v_template.php(248): view('v_home')
 6 SYSTEMPATH\View\View.php(228): include('C:\\xampp\\htdocs\\fileku\\gis11\\app\\Views\\v_template.php')
 7 SYSTEMPATH\View\View.php(231): CodeIgniter\View\View->CodeIgniter\View\{closure}()
 8 SYSTEMPATH\Common.php(1178): CodeIgniter\View\View->render('v_template', [], true)
 9 APPPATH\Controllers\Home.php(14): view('v_template', [...])
10 SYSTEMPATH\CodeIgniter.php(941): App\Controllers\Home->index()
11 SYSTEMPATH\CodeIgniter.php(502): CodeIgniter\CodeIgniter->runController(Object(App\Controllers\Home))
12 SYSTEMPATH\CodeIgniter.php(361): CodeIgniter\CodeIgniter->handleRequest(null, Object(Config\Cache), false)
13 FCPATH\index.php(79): CodeIgniter\CodeIgniter->run()
